<?xml version="1.0" encoding="UTF-8"?>
<!-- Generated by org.testng.reporters.JUnitXMLReporter -->
<testsuite hostname="DESKTOP-TARJF5B" name="MyTests" tests="1" failures="1" timestamp="7 Sep 2016 08:47:26 GMT" time="9.652" errors="0">
  <testcase name="testAll" time="7.191" classname="com.xpower.appiumtestdemo.GameBoxTest">
    <failure type="org.openqa.selenium.NoSuchElementException" message="An element could not be located on the page using the given search parameters. (WARNING: The server did not provide any stacktrace information)
Command duration or timeout: 698 milliseconds
For documentation on this error, please visit: http://seleniumhq.org/exceptions/no_such_element.html
Build info: version: &amp;apos;2.46.0&amp;apos;, revision: &amp;apos;61506a4624b13675f24581e453592342b7485d71&amp;apos;, time: &amp;apos;2015-06-04 10:22:50&amp;apos;
System info: host: &amp;apos;DESKTOP-TARJF5B&amp;apos;, ip: &amp;apos;192.168.54.1&amp;apos;, os.name: &amp;apos;Windows 10&amp;apos;, os.arch: &amp;apos;x86&amp;apos;, os.version: &amp;apos;10.0&amp;apos;, java.version: &amp;apos;1.8.0_91&amp;apos;
Driver info: io.appium.java_client.android.AndroidDriver
Capabilities [{app=C:\Users\4399-3040\IntellijProjects\appiumtestdemo//4399.apk, networkConnectionEnabled=true, noSign=true, warnings={}, databaseEnabled=false, deviceName=192.168.143.102:5555, platform=LINUX, desired={app=C:\Users\4399-3040\IntellijProjects\appiumtestdemo//4399.apk, noSign=true, platformVersion=4.4, browserName=, unicodeKeyboard=true, platformName=Android, deviceName=Android, resetKeyboard=true}, platformVersion=6.0, webStorageEnabled=false, locationContextEnabled=false, browserName=, takesScreenshot=true, javascriptEnabled=true, unicodeKeyboard=true, platformName=Android, resetKeyboard=true}]
Session ID: 171bae8e-4aaf-4dbc-a68a-c4c563b05031
*** Element info: {Using=id, value=com.m4399.gamecenter:id/btn_login}">
      <![CDATA[org.openqa.selenium.NoSuchElementException: An element could not be located on the page using the given search parameters. (WARNING: The server did not provide any stacktrace information)
Command duration or timeout: 698 milliseconds
For documentation on this error, please visit: http://seleniumhq.org/exceptions/no_such_element.html
Build info: version: '2.46.0', revision: '61506a4624b13675f24581e453592342b7485d71', time: '2015-06-04 10:22:50'
System info: host: 'DESKTOP-TARJF5B', ip: '192.168.54.1', os.name: 'Windows 10', os.arch: 'x86', os.version: '10.0', java.version: '1.8.0_91'
Driver info: io.appium.java_client.android.AndroidDriver
Capabilities [{app=C:\Users\4399-3040\IntellijProjects\appiumtestdemo//4399.apk, networkConnectionEnabled=true, noSign=true, warnings={}, databaseEnabled=false, deviceName=192.168.143.102:5555, platform=LINUX, desired={app=C:\Users\4399-3040\IntellijProjects\appiumtestdemo//4399.apk, noSign=true, platformVersion=4.4, browserName=, unicodeKeyboard=true, platformName=Android, deviceName=Android, resetKeyboard=true}, platformVersion=6.0, webStorageEnabled=false, locationContextEnabled=false, browserName=, takesScreenshot=true, javascriptEnabled=true, unicodeKeyboard=true, platformName=Android, resetKeyboard=true}]
Session ID: 171bae8e-4aaf-4dbc-a68a-c4c563b05031
*** Element info: {Using=id, value=com.m4399.gamecenter:id/btn_login}
	at org.openqa.selenium.remote.ErrorHandler.createThrowable(ErrorHandler.java:204)
	at org.openqa.selenium.remote.ErrorHandler.throwIfResponseFailed(ErrorHandler.java:156)
	at org.openqa.selenium.remote.RemoteWebDriver.execute(RemoteWebDriver.java:605)
	at io.appium.java_client.AppiumDriver.execute(AppiumDriver.java:176)
	at org.openqa.selenium.remote.RemoteWebDriver.findElement(RemoteWebDriver.java:358)
	at org.openqa.selenium.remote.RemoteWebDriver.findElementById(RemoteWebDriver.java:399)
	at org.openqa.selenium.By$ById.findElement(By.java:215)
	at org.openqa.selenium.remote.RemoteWebDriver.findElement(RemoteWebDriver.java:350)
	at com.xpower.appiumtestdemo.util.Helper.element(Helper.java:48)
	at com.xpower.appiumtestdemo.util.Helper.element_id(Helper.java:72)
	at com.xpower.appiumtestdemo.GameBoxTest.doPrevious(GameBoxTest.java:87)
	at com.xpower.appiumtestdemo.GameBoxTest.testAll(GameBoxTest.java:72)
	at com.xpower.appiumtestdemo.App.main(App.java:84)
	at com.intellij.rt.execution.application.AppMain.main(AppMain.java:147)
... Removed 29 stack frames]]>
    </failure>
  </testcase> <!-- testAll -->
</testsuite> <!-- MyTests -->
